<?xml version="1.0" encoding="UTF-8"?>
<testsuite xmlns:xsi="http://www.w3.org/2001/XMLSchema-instance" xsi:noNamespaceSchemaLocation="https://maven.apache.org/surefire/maven-surefire-plugin/xsd/surefire-test-report-3.0.xsd" version="3.0" name="EmailServiceTest" time="2.519" tests="12" errors="0" skipped="0" failures="0">
  <properties>
    <property name="java.specification.version" value="17"/>
    <property name="sun.cpu.isalist" value="amd64"/>
    <property name="sun.jnu.encoding" value="Cp1252"/>
    <property name="java.class.path" value="C:\Users\USER\Downloads\hmproject\target\test-classes;C:\Users\USER\Downloads\hmproject\target\classes;C:\Users\USER\.m2\repository\junit\junit\4.13.2\junit-4.13.2.jar;C:\Users\USER\.m2\repository\org\hamcrest\hamcrest-core\1.3\hamcrest-core-1.3.jar;C:\Users\USER\.m2\repository\org\testng\testng\6.8.1\testng-6.8.1.jar;C:\Users\USER\.m2\repository\org\beanshell\bsh\2.0b4\bsh-2.0b4.jar;C:\Users\USER\.m2\repository\com\beust\jcommander\1.27\jcommander-1.27.jar;C:\Users\USER\.m2\repository\org\yaml\snakeyaml\1.6\snakeyaml-1.6.jar;"/>
    <property name="java.vm.vendor" value="Oracle Corporation"/>
    <property name="sun.arch.data.model" value="64"/>
    <property name="user.variant" value=""/>
    <property name="java.vendor.url" value="https://java.oracle.com/"/>
    <property name="user.timezone" value="Asia/Dhaka"/>
    <property name="os.name" value="Windows 10"/>
    <property name="java.vm.specification.version" value="17"/>
    <property name="user.country" value="US"/>
    <property name="sun.java.launcher" value="SUN_STANDARD"/>
    <property name="sun.boot.library.path" value="C:\Program Files\Java\jdk-17\bin"/>
    <property name="sun.java.command" value="C:\Users\USER\AppData\Local\Temp\surefire1406102749035073299\surefirebooter-20250520010647251_3.jar C:\Users\USER\AppData\Local\Temp\surefire1406102749035073299 2025-05-20T01-06-47_055-jvmRun1 surefire-20250520010647251_1tmp surefire_0-20250520010647251_2tmp"/>
    <property name="jdk.debug" value="release"/>
    <property name="test" value="EmailServiceTest"/>
    <property name="surefire.test.class.path" value="C:\Users\USER\Downloads\hmproject\target\test-classes;C:\Users\USER\Downloads\hmproject\target\classes;C:\Users\USER\.m2\repository\junit\junit\4.13.2\junit-4.13.2.jar;C:\Users\USER\.m2\repository\org\hamcrest\hamcrest-core\1.3\hamcrest-core-1.3.jar;C:\Users\USER\.m2\repository\org\testng\testng\6.8.1\testng-6.8.1.jar;C:\Users\USER\.m2\repository\org\beanshell\bsh\2.0b4\bsh-2.0b4.jar;C:\Users\USER\.m2\repository\com\beust\jcommander\1.27\jcommander-1.27.jar;C:\Users\USER\.m2\repository\org\yaml\snakeyaml\1.6\snakeyaml-1.6.jar;"/>
    <property name="sun.cpu.endian" value="little"/>
    <property name="user.home" value="C:\Users\USER"/>
    <property name="user.language" value="en"/>
    <property name="java.specification.vendor" value="Oracle Corporation"/>
    <property name="java.version.date" value="2023-04-18"/>
    <property name="java.home" value="C:\Program Files\Java\jdk-17"/>
    <property name="file.separator" value="\"/>
    <property name="basedir" value="C:\Users\USER\Downloads\hmproject"/>
    <property name="java.vm.compressedOopsMode" value="Zero based"/>
    <property name="line.separator" value="&#10;"/>
    <property name="java.vm.specification.vendor" value="Oracle Corporation"/>
    <property name="java.specification.name" value="Java Platform API Specification"/>
    <property name="surefire.real.class.path" value="C:\Users\USER\AppData\Local\Temp\surefire1406102749035073299\surefirebooter-20250520010647251_3.jar"/>
    <property name="user.script" value=""/>
    <property name="sun.management.compiler" value="HotSpot 64-Bit Tiered Compilers"/>
    <property name="java.runtime.version" value="17.0.7+8-LTS-224"/>
    <property name="user.name" value="USER"/>
    <property name="path.separator" value=";"/>
    <property name="os.version" value="10.0"/>
    <property name="java.runtime.name" value="Java(TM) SE Runtime Environment"/>
    <property name="file.encoding" value="Cp1252"/>
    <property name="java.vm.name" value="Java HotSpot(TM) 64-Bit Server VM"/>
    <property name="maven.ext.class.path" value="C:\Program Files\NetBeans-25\netbeans\java\maven-nblib\netbeans-eventspy.jar"/>
    <property name="localRepository" value="C:\Users\USER\.m2\repository"/>
    <property name="java.vendor.url.bug" value="https://bugreport.java.com/bugreport/"/>
    <property name="java.io.tmpdir" value="C:\Users\USER\AppData\Local\Temp\"/>
    <property name="java.version" value="17.0.7"/>
    <property name="user.dir" value="C:\Users\USER\Downloads\hmproject"/>
    <property name="os.arch" value="amd64"/>
    <property name="java.vm.specification.name" value="Java Virtual Machine Specification"/>
    <property name="sun.os.patch.level" value=""/>
    <property name="native.encoding" value="Cp1252"/>
    <property name="java.library.path" value="C:\Program Files\Java\jdk-17\bin;C:\WINDOWS\Sun\Java\bin;C:\WINDOWS\system32;C:\WINDOWS;C:\Program Files\Eclipse Adoptium\jdk-21.0.5.11-hotspot\bin;C:\Program Files (x86)\Common Files\Intel\Shared Libraries\redist\intel64\compiler;C:\Program Files\Common Files\Oracle\Java\javapath;C:\WINDOWS\system32;C:\WINDOWS;C:\WINDOWS\System32\Wbem;C:\WINDOWS\System32\WindowsPowerShell\v1.0\;C:\WINDOWS\System32\OpenSSH\;C:\Program Files\Java\jdk-16.0.1\bin;C:\Program Files\dotnet\;c:\altera\90sp1\quartus\bin;C:\Program Files\Git\cmd;C:\Program Files\cursor\resources\app\bin;C:\Users\USER\AppData\Local\Microsoft\WindowsApps;;C:\Program Files\JetBrains\IntelliJ IDEA Community Edition 2021.1.1\bin;;C:\Users\USER\AppData\Local\Programs\Microsoft VS Code\bin;C:\Users\USER\AppData\Local\Programs\cursor\resources\app\bin;."/>
    <property name="java.vm.info" value="mixed mode, sharing"/>
    <property name="java.vendor" value="Oracle Corporation"/>
    <property name="java.vm.version" value="17.0.7+8-LTS-224"/>
    <property name="sun.io.unicode.encoding" value="UnicodeLittle"/>
    <property name="java.class.version" value="61.0"/>
  </properties>
  <testcase name="testSendBookingConfirmationWithNoEmail on testSendBookingConfirmationWithNoEmail(EmailServiceTest)" classname="EmailServiceTest" time="0.033"/>
  <testcase name="testSendPaymentConfirmationWithFailedPayment on testSendPaymentConfirmationWithFailedPayment(EmailServiceTest)" classname="EmailServiceTest" time="0.001"/>
  <testcase name="testEmailWithDifferentPaymentMethods on testEmailWithDifferentPaymentMethods(EmailServiceTest)" classname="EmailServiceTest" time="0.002"/>
  <testcase name="testEmailWithZeroAmountPayment on testEmailWithZeroAmountPayment(EmailServiceTest)" classname="EmailServiceTest" time="0.002"/>
  <testcase name="testEmailWithNullValues on testEmailWithNullValues(EmailServiceTest)" classname="EmailServiceTest" time="0.002"/>
  <testcase name="testEmailWithLongContent on testEmailWithLongContent(EmailServiceTest)" classname="EmailServiceTest" time="0.002"/>
  <testcase name="testEmailWithMultipleFoodOrders on testEmailWithMultipleFoodOrders(EmailServiceTest)" classname="EmailServiceTest" time="0.003"/>
  <testcase name="testEmailContentFormat on testEmailContentFormat(EmailServiceTest)" classname="EmailServiceTest" time="0.002"/>
  <testcase name="testSendBookingConfirmation on testSendBookingConfirmation(EmailServiceTest)" classname="EmailServiceTest" time="0.002"/>
  <testcase name="testSendPaymentConfirmation on testSendPaymentConfirmation(EmailServiceTest)" classname="EmailServiceTest" time="1.014"/>
  <testcase name="testEmailWithLargeAmountPayment on testEmailWithLargeAmountPayment(EmailServiceTest)" classname="EmailServiceTest" time="1.016"/>
  <testcase name="testEmailWithSpecialCharacters on testEmailWithSpecialCharacters(EmailServiceTest)" classname="EmailServiceTest" time="0.001"/>
</testsuite>