<?xml version="1.0" encoding="UTF-8"?>
<!-- Generated by org.testng.reporters.JUnitReportReporter -->
<testsuite hostname="AMATERASUu" failures="0" tests="24" name="CustomerTest" time="0.028" errors="0" timestamp="19 May 2025 19:06:20 GMT">
  <testcase classname="CustomerTest" name="testSetNullEmail" time="0.001"/>
  <testcase classname="CustomerTest" name="testSetValidContact" time="0.001"/>
  <testcase classname="CustomerTest" name="testGenderValidation" time="0.002"/>
  <testcase classname="CustomerTest" name="testCustomerWithEmailInitialization" time="0.001"/>
  <testcase classname="CustomerTest" name="testSetNullName" time="0.000"/>
  <testcase classname="CustomerTest" name="testSetBlankName" time="0.001"/>
  <testcase classname="CustomerTest" name="testMultipleReservations" time="0.001"/>
  <testcase classname="CustomerTest" name="testContactNumberFormat" time="0.001"/>
  <testcase classname="CustomerTest" name="testConcurrentReservationAddition" time="0.001"/>
  <testcase classname="CustomerTest" name="testSetEmptyContact" time="0.002"/>
  <testcase classname="CustomerTest" name="testSetNullGender" time="0.000"/>
  <testcase classname="CustomerTest" name="testCustomerIdUniqueness" time="0.000"/>
  <testcase classname="CustomerTest" name="testSetValidEmail" time="0.009"/>
  <testcase classname="CustomerTest" name="testAddReservation" time="0.001"/>
  <testcase classname="CustomerTest" name="testCustomerEquality" time="0.001"/>
  <testcase classname="CustomerTest" name="testSetValidGender" time="0.001"/>
  <testcase classname="CustomerTest" name="testReservationListModification" time="0.002"/>
  <testcase classname="CustomerTest" name="testSetNullContact" time="0.001"/>
  <testcase classname="CustomerTest" name="testEmailFormatValidation" time="0.000"/>
  <testcase classname="CustomerTest" name="testCustomerHashCode" time="0.001"/>
  <testcase classname="CustomerTest" name="testCustomerInitialization" time="0.001"/>
  <testcase classname="CustomerTest" name="testSetEmptyName" time="0.000"/>
  <testcase classname="CustomerTest" name="testSetEmptyEmail" time="0.000"/>
  <testcase classname="CustomerTest" name="testSetValidName" time="0.000"/>
</testsuite> <!-- CustomerTest -->
