<?xml version="1.0" encoding="UTF-8"?>
<!-- Generated by org.testng.reporters.JUnitReportReporter -->
<testsuite hostname="AMATERASUu" failures="0" tests="8" name="RoomTest" time="0.010" errors="0" timestamp="19 May 2025 18:21:46 GMT">
  <testcase classname="RoomTest" name="testRoomInitialization" time="0.000"/>
  <testcase classname="RoomTest" name="testDeluxeSingleFeatures" time="0.001"/>
  <testcase classname="RoomTest" name="testDeluxeDoubleFeatures" time="0.000"/>
  <testcase classname="RoomTest" name="testOccupancyStatus" time="0.000"/>
  <testcase classname="RoomTest" name="testInvalidRoomType" time="0.009"/>
  <testcase classname="RoomTest" name="testLuxurySingleFeatures" time="0.000"/>
  <testcase classname="RoomTest" name="testRoomEquality" time="0.000"/>
  <testcase classname="RoomTest" name="testLuxuryDoubleFeatures" time="0.000"/>
</testsuite> <!-- RoomTest -->
