<?xml version="1.0" encoding="UTF-8"?>
<!-- Generated by org.testng.reporters.JUnitReportReporter -->
<testsuite hostname="AMATERASUu" failures="0" tests="8" name="BillingTest" time="0.042" errors="0" timestamp="19 May 2025 19:05:46 GMT">
  <testcase classname="BillingTest" name="testReservationAssociation" time="0.001"/>
  <testcase classname="BillingTest" name="testSingleDayStay" time="0.002"/>
  <testcase classname="BillingTest" name="testFoodRevenueCalculation" time="0.002"/>
  <testcase classname="BillingTest" name="testBillIdUniqueness" time="0.001"/>
  <testcase classname="BillingTest" name="testBillingInitialization" time="0.001"/>
  <testcase classname="BillingTest" name="testLongStay" time="0.033"/>
  <testcase classname="BillingTest" name="testPaymentStatus" time="0.001"/>
  <testcase classname="BillingTest" name="testTotalAmountCalculation" time="0.001"/>
</testsuite> <!-- BillingTest -->
