<?xml version="1.0" encoding="UTF-8"?>
<!-- Generated by org.testng.reporters.JUnitReportReporter -->
<testsuite hostname="AMATERASUu" failures="0" tests="18" name="MenuItemTest" time="0.024" errors="0" timestamp="19 May 2025 18:18:25 GMT">
  <testcase classname="MenuItemTest" name="testMenuItemWithEmptyName" time="0.000"/>
  <testcase classname="MenuItemTest" name="testMenuItemWithHighPrice" time="0.000"/>
  <testcase classname="MenuItemTest" name="testMenuItemWithZeroPrice" time="0.000"/>
  <testcase classname="MenuItemTest" name="testMenuItemWithEmptyDescription" time="0.001"/>
  <testcase classname="MenuItemTest" name="testMenuItemToStringWithAllFields" time="0.002"/>
  <testcase classname="MenuItemTest" name="testMenuItemAvailabilityToggle" time="0.001"/>
  <testcase classname="MenuItemTest" name="testMenuItemEquality" time="0.001"/>
  <testcase classname="MenuItemTest" name="testToStringWithDescriptionWhenNotAvailable" time="0.008"/>
  <testcase classname="MenuItemTest" name="testMenuItemWithLongDescription" time="0.000"/>
  <testcase classname="MenuItemTest" name="testToString" time="0.001"/>
  <testcase classname="MenuItemTest" name="testMenuItemWithDescriptionInitialization" time="0.000"/>
  <testcase classname="MenuItemTest" name="testMenuItemHashCode" time="0.007"/>
  <testcase classname="MenuItemTest" name="testSetDescription" time="0.001"/>
  <testcase classname="MenuItemTest" name="testMenuItemInitialization" time="0.001"/>
  <testcase classname="MenuItemTest" name="testSetAvailability" time="0.000"/>
  <testcase classname="MenuItemTest" name="testToStringWhenNotAvailable" time="0.000"/>
  <testcase classname="MenuItemTest" name="testToStringWithDescription" time="0.001"/>
  <testcase classname="MenuItemTest" name="testMenuItemWithSpecialCharacters" time="0.000"/>
</testsuite> <!-- MenuItemTest -->
