<?xml version="1.0" encoding="UTF-8"?>
<!-- Generated by org.testng.reporters.JUnitReportReporter -->
<testsuite hostname="AMATERASUu" failures="0" tests="24" name="UserManagerTest" time="0.026" errors="0" timestamp="19 May 2025 19:13:41 GMT">
  <testcase classname="UserManagerTest" name="testRegisterWithEmptyUsername" time="0.001"/>
  <testcase classname="UserManagerTest" name="testGetUserRoleAfterLogin" time="0.000"/>
  <testcase classname="UserManagerTest" name="testGetUserRoleWithNonExistentUser" time="0.006"/>
  <testcase classname="UserManagerTest" name="testGetUserRole" time="0.001"/>
  <testcase classname="UserManagerTest" name="testRegisterWithInvalidRole" time="0.001"/>
  <testcase classname="UserManagerTest" name="testRegisterWithEmptyPassword" time="0.000"/>
  <testcase classname="UserManagerTest" name="testUsernameUniquenessCaseSensitivity" time="0.001"/>
  <testcase classname="UserManagerTest" name="testRegisterWithSpecialCharacters" time="0.001"/>
  <testcase classname="UserManagerTest" name="testUsernameLengthLimits" time="0.000"/>
  <testcase classname="UserManagerTest" name="testRegisterWithNullPassword" time="0.000"/>
  <testcase classname="UserManagerTest" name="testRegisterWithNullRole" time="0.000"/>
  <testcase classname="UserManagerTest" name="testRegisterWithNullUsername" time="0.001"/>
  <testcase classname="UserManagerTest" name="testRegisterDifferentRoles" time="0.001"/>
  <testcase classname="UserManagerTest" name="testGetUserRoleWithNullUsername" time="0.001"/>
  <testcase classname="UserManagerTest" name="testPasswordLengthLimits" time="0.002"/>
  <testcase classname="UserManagerTest" name="testMultipleRegistrations" time="0.000"/>
  <testcase classname="UserManagerTest" name="testLogin" time="0.001"/>
  <testcase classname="UserManagerTest" name="testRegisterUser" time="0.001"/>
  <testcase classname="UserManagerTest" name="testMultipleLoginAttempts" time="0.002"/>
  <testcase classname="UserManagerTest" name="testRegisterWithCaseInsensitiveRole" time="0.001"/>
  <testcase classname="UserManagerTest" name="testLoginWithNullPassword" time="0.000"/>
  <testcase classname="UserManagerTest" name="testLoginWithNullUsername" time="0.002"/>
  <testcase classname="UserManagerTest" name="testConcurrentUserRegistration" time="0.002"/>
  <testcase classname="UserManagerTest" name="testCaseSensitiveUsername" time="0.001"/>
</testsuite> <!-- UserManagerTest -->
