<?xml version="1.0" encoding="UTF-8"?>
<!-- Generated by org.testng.reporters.JUnitReportReporter -->
<testsuite hostname="AMATERASUu" failures="0" tests="12" name="HotelManagerTest" time="0.032" errors="0" timestamp="19 May 2025 18:18:04 GMT">
  <testcase classname="HotelManagerTest" name="testInvalidRoomScenarios" time="0.000"/>
  <testcase classname="HotelManagerTest" name="testInitialization" time="0.015"/>
  <testcase classname="HotelManagerTest" name="testCheckOut" time="0.017"/>
  <testcase classname="HotelManagerTest" name="testAddFoodToReservation" time="0.000"/>
  <testcase classname="HotelManagerTest" name="testGetCustomerStatistics" time="0.000"/>
  <testcase classname="HotelManagerTest" name="testFindReservationByRoom" time="0.000"/>
  <testcase classname="HotelManagerTest" name="testGetFrequentCustomers" time="0.000"/>
  <testcase classname="HotelManagerTest" name="testFindCustomerByContact" time="0.000"/>
  <testcase classname="HotelManagerTest" name="testCreateReservation" time="0.000"/>
  <testcase classname="HotelManagerTest" name="testGetCustomerHistory" time="0.000"/>
  <testcase classname="HotelManagerTest" name="testFindRoomByNumber" time="0.000"/>
  <testcase classname="HotelManagerTest" name="testCreateReservationWithOccupiedRoom" time="0.000"/>
</testsuite> <!-- HotelManagerTest -->
