<?xml version="1.0" encoding="UTF-8"?>
<!-- Generated by org.testng.reporters.JUnitReportReporter -->
<testsuite hostname="AMATERASUu" failures="0" tests="9" name="MainTest" time="0.023" errors="0" timestamp="19 May 2025 19:16:10 GMT">
  <testcase classname="MainTest" name="testGetRoomTypeFromChoice_BoundaryValues" time="0.001"/>
  <testcase classname="MainTest" name="testGetRoomTypeFromChoice_FormatConsistency" time="0.001"/>
  <testcase classname="MainTest" name="testGetRoomTypeFromChoice_PriceConsistency" time="0.017"/>
  <testcase classname="MainTest" name="testGetRoomTypeFromChoice_ValidChoices" time="0.001"/>
  <testcase classname="MainTest" name="testGetRoomTypeFromChoice_AllValidTypes" time="0.001"/>
  <testcase classname="MainTest" name="testGetRoomTypeFromChoice_EdgeCases" time="0.001"/>
  <testcase classname="MainTest" name="testGetRoomTypeFromChoice_InvalidChoice" time="0.000"/>
  <testcase classname="MainTest" name="testGetRoomTypeFromChoice_Consistency" time="0.000"/>
  <testcase classname="MainTest" name="testGetRoomTypeFromChoice_Performance" time="0.001"/>
</testsuite> <!-- MainTest -->
