<?xml version="1.0" encoding="UTF-8"?>
<!-- Generated by org.testng.reporters.JUnitReportReporter -->
<testsuite hostname="AMATERASUu" failures="0" tests="9" name="UserTest" time="0.015" errors="0" timestamp="19 May 2025 18:54:40 GMT">
  <testcase classname="UserTest" name="testUsernameUniqueness" time="0.007"/>
  <testcase classname="UserTest" name="testSpecialCharactersInPassword" time="0.001"/>
  <testcase classname="UserTest" name="testEmptyPassword" time="0.001"/>
  <testcase classname="UserTest" name="testPasswordCaseSensitivity" time="0.001"/>
  <testcase classname="UserTest" name="testLongPassword" time="0.001"/>
  <testcase classname="UserTest" name="testUserInitialization" time="0.000"/>
  <testcase classname="UserTest" name="testDifferentRoles" time="0.001"/>
  <testcase classname="UserTest" name="testPasswordVerification" time="0.001"/>
  <testcase classname="UserTest" name="testPasswordHashing" time="0.002"/>
</testsuite> <!-- UserTest -->
