<?xml version="1.0" encoding="UTF-8"?>
<!-- Generated by org.testng.reporters.JUnitReportReporter -->
<testsuite hostname="AMATERASUu" failures="0" tests="11" name="FoodTest" time="0.011" errors="0" timestamp="19 May 2025 19:06:59 GMT">
  <testcase classname="FoodTest" name="testFoodWithEmptyName" time="0.001"/>
  <testcase classname="FoodTest" name="testFoodInitialization" time="0.000"/>
  <testcase classname="FoodTest" name="testFoodWithUnicodeCharacters" time="0.006"/>
  <testcase classname="FoodTest" name="testFoodWithNegativePrice" time="0.000"/>
  <testcase classname="FoodTest" name="testFoodWithHighPrice" time="0.001"/>
  <testcase classname="FoodTest" name="testFoodWithZeroPrice" time="0.001"/>
  <testcase classname="FoodTest" name="testFoodHashCode" time="0.000"/>
  <testcase classname="FoodTest" name="testFoodWithPrecisionPrice" time="0.001"/>
  <testcase classname="FoodTest" name="testFoodWithVeryLongName" time="0.000"/>
  <testcase classname="FoodTest" name="testFoodWithSpecialCharacters" time="0.001"/>
  <testcase classname="FoodTest" name="testFoodEquality" time="0.000"/>
</testsuite> <!-- FoodTest -->
