<?xml version="1.0" encoding="UTF-8"?>
<!-- Generated by org.testng.reporters.JUnitReportReporter -->
<testsuite hostname="AMATERASUu" failures="0" tests="12" name="ReservationTest" time="0.017" errors="0" timestamp="19 May 2025 18:22:01 GMT">
  <testcase classname="ReservationTest" name="testReservationCustomerAssociation" time="0.000"/>
  <testcase classname="ReservationTest" name="testAddFoodOrder" time="0.001"/>
  <testcase classname="ReservationTest" name="testReservationDates" time="0.001"/>
  <testcase classname="ReservationTest" name="testRoomOccupancyOnReservation" time="0.001"/>
  <testcase classname="ReservationTest" name="testEmptyFoodOrders" time="0.001"/>
  <testcase classname="ReservationTest" name="testReservationCreation" time="0.000"/>
  <testcase classname="ReservationTest" name="testReservationRoomAssociation" time="0.000"/>
  <testcase classname="ReservationTest" name="testReservationInitialization" time="0.000"/>
  <testcase classname="ReservationTest" name="testDefaultConstructor" time="0.000"/>
  <testcase classname="ReservationTest" name="testActiveStatus" time="0.010"/>
  <testcase classname="ReservationTest" name="testReservationIdUniqueness" time="0.001"/>
  <testcase classname="ReservationTest" name="testFoodOrders" time="0.002"/>
</testsuite> <!-- ReservationTest -->
