<?xml version="1.0" encoding="UTF-8"?>
<!-- Generated by org.testng.reporters.JUnitReportReporter -->
<testsuite hostname="AMATERASUu" failures="0" tests="7" name="ReportGeneratorTest" time="0.036" errors="0" timestamp="19 May 2025 18:18:50 GMT">
  <testcase classname="ReportGeneratorTest" name="testGenerateMonthlyRevenueNoBills" time="0.004"/>
  <testcase classname="ReportGeneratorTest" name="testGenerateOccupancyReportNoRooms" time="0.001"/>
  <testcase classname="ReportGeneratorTest" name="testGenerateOccupancyReport" time="0.002"/>
  <testcase classname="ReportGeneratorTest" name="testGenerateDailyRevenueNoBills" time="0.026"/>
  <testcase classname="ReportGeneratorTest" name="testGenerateDailyRevenueWithFood" time="0.001"/>
  <testcase classname="ReportGeneratorTest" name="testGenerateDailyRevenue" time="0.001"/>
  <testcase classname="ReportGeneratorTest" name="testGenerateMonthlyRevenue" time="0.001"/>
</testsuite> <!-- ReportGeneratorTest -->
