<?xml version="1.0" encoding="UTF-8"?>
<!-- Generated by org.testng.reporters.JUnitReportReporter -->
<testsuite hostname="AMATERASUu" failures="0" tests="9" name="PaymentTest" time="2.033" errors="0" timestamp="19 May 2025 18:18:38 GMT">
  <testcase classname="PaymentTest" name="testProcessPaymentInterrupted" time="0.001"/>
  <testcase classname="PaymentTest" name="testTransactionIdUniqueness" time="0.001"/>
  <testcase classname="PaymentTest" name="testPaymentAmountPrecision" time="0.002"/>
  <testcase classname="PaymentTest" name="testProcessPayment" time="1.018"/>
  <testcase classname="PaymentTest" name="testDifferentPaymentMethods" time="0.001"/>
  <testcase classname="PaymentTest" name="testPaymentDate" time="0.001"/>
  <testcase classname="PaymentTest" name="testPaymentStatusTransitions" time="1.008"/>
  <testcase classname="PaymentTest" name="testPaymentInitialization" time="0.000"/>
  <testcase classname="PaymentTest" name="testPaymentIdUniqueness" time="0.001"/>
</testsuite> <!-- PaymentTest -->
