<?xml version="1.0" encoding="UTF-8"?>
<!-- Generated by org.testng.reporters.JUnitReportReporter -->
<testsuite hostname="AMATERASUu" failures="0" tests="12" name="EmailServiceTest" time="2.083" errors="0" timestamp="19 May 2025 19:06:50 GMT">
  <testcase classname="EmailServiceTest" name="testSendPaymentConfirmationWithFailedPayment" time="0.003"/>
  <testcase classname="EmailServiceTest" name="testEmailWithSpecialCharacters" time="0.002"/>
  <testcase classname="EmailServiceTest" name="testEmailWithZeroAmountPayment" time="0.001"/>
  <testcase classname="EmailServiceTest" name="testEmailWithMultipleFoodOrders" time="0.002"/>
  <testcase classname="EmailServiceTest" name="testSendBookingConfirmationWithNoEmail" time="0.036"/>
  <testcase classname="EmailServiceTest" name="testEmailWithLongContent" time="0.002"/>
  <testcase classname="EmailServiceTest" name="testEmailContentFormat" time="0.002"/>
  <testcase classname="EmailServiceTest" name="testSendPaymentConfirmation" time="1.013"/>
  <testcase classname="EmailServiceTest" name="testEmailWithDifferentPaymentMethods" time="0.002"/>
  <testcase classname="EmailServiceTest" name="testEmailWithLargeAmountPayment" time="1.016"/>
  <testcase classname="EmailServiceTest" name="testEmailWithNullValues" time="0.003"/>
  <testcase classname="EmailServiceTest" name="testSendBookingConfirmation" time="0.001"/>
</testsuite> <!-- EmailServiceTest -->
